app/build/intermediates/manifest_merge_blame_file/debug/manifest-merger-blame-debug-report.txt
1<?xml version="1.0" encoding="utf-8"?>
2<manifest xmlns:android="http://schemas.android.com/apk/res/android"
3    package="com.example.my33_navigationdrawer"
4    android:versionCode="1"
5    android:versionName="1.0" >
6
7    <uses-sdk
8        android:minSdkVersion="16"
8-->src\main\AndroidManifest.xml
9        android:targetSdkVersion="29" />
9-->src\main\AndroidManifest.xml
10
11    <uses-permission android:name="android.permission.INTERNET" />
11-->src\main\AndroidManifest.xml:5:5-67
11-->src\main\AndroidManifest.xml:5:22-64
12    <uses-permission android:name="android.permission.ACCESS_NETWORK_STATE" />
12-->src\main\AndroidManifest.xml:6:5-79
12-->src\main\AndroidManifest.xml:6:22-76
13    <uses-permission android:name="android.permission.ACCESS_WIFI_STATE" />
13-->src\main\AndroidManifest.xml:7:5-76
13-->src\main\AndroidManifest.xml:7:22-73
14    <uses-permission android:name="android.permission.WRITE_EXTERNAL_STORAGE" />
14-->src\main\AndroidManifest.xml:8:5-81
14-->src\main\AndroidManifest.xml:8:22-78
15    <uses-permission android:name="android.permission.READ_EXTERNAL_STORAGE" />
15-->src\main\AndroidManifest.xml:9:5-80
15-->src\main\AndroidManifest.xml:9:22-77
16    <uses-permission android:name="android.permission.CAMERA" />
16-->src\main\AndroidManifest.xml:10:5-65
16-->src\main\AndroidManifest.xml:10:22-62
17
18    <application
18-->src\main\AndroidManifest.xml:14:5-77:19
19        android:allowBackup="true"
19-->src\main\AndroidManifest.xml:15:9-35
20        android:appComponentFactory="androidx.core.app.CoreComponentFactory"
20-->[androidx.core:core:1.1.0] AndroidManifest.xml:24:18-86
21        android:debuggable="true"
22        android:icon="@drawable/logo"
22-->src\main\AndroidManifest.xml:16:9-38
23        android:label="@string/app_name"
23-->src\main\AndroidManifest.xml:17:9-41
24        android:requestLegacyExternalStorage="true"
24-->src\main\AndroidManifest.xml:21:9-52
25        android:roundIcon="@mipmap/ic_launcher_round"
25-->src\main\AndroidManifest.xml:18:9-54
26        android:supportsRtl="true"
26-->src\main\AndroidManifest.xml:19:9-35
27        android:testOnly="true"
28        android:theme="@style/AppTheme"
28-->src\main\AndroidManifest.xml:20:9-40
29        android:usesCleartextTraffic="true" >
29-->src\main\AndroidManifest.xml:22:9-44
30        <activity android:name="com.example.my33_navigationdrawer.FirstAuthActivity" />
30-->src\main\AndroidManifest.xml:25:9-64
30-->src\main\AndroidManifest.xml:25:19-52
31        <activity
31-->src\main\AndroidManifest.xml:26:9-33:20
32            android:name="com.example.my33_navigationdrawer.SplashActivity"
32-->src\main\AndroidManifest.xml:27:13-43
33            android:theme="@style/AppTheme.NoActionBar" >
33-->src\main\AndroidManifest.xml:28:13-56
34            <intent-filter>
34-->src\main\AndroidManifest.xml:29:13-32:29
35                <action android:name="android.intent.action.MAIN" />
35-->src\main\AndroidManifest.xml:30:17-69
35-->src\main\AndroidManifest.xml:30:25-66
36
37                <category android:name="android.intent.category.LAUNCHER" />
37-->src\main\AndroidManifest.xml:31:17-77
37-->src\main\AndroidManifest.xml:31:27-74
38            </intent-filter>
39        </activity>
40        <activity
40-->src\main\AndroidManifest.xml:34:9-36:68
41            android:name="com.example.my33_navigationdrawer.MainActivity2"
41-->src\main\AndroidManifest.xml:35:13-42
42            android:theme="@style/AppTheme.NoActionBar" />
42-->src\main\AndroidManifest.xml:36:13-56
43        <activity
43-->src\main\AndroidManifest.xml:37:9-39:59
44            android:name="com.example.my33_navigationdrawer.Passwd_Find"
44-->src\main\AndroidManifest.xml:38:13-40
45            android:theme="@style/AppTheme.NoActionBar" />
45-->src\main\AndroidManifest.xml:39:13-56
46        <activity
46-->src\main\AndroidManifest.xml:40:9-42:68
47            android:name="com.example.my33_navigationdrawer.Join2"
47-->src\main\AndroidManifest.xml:41:13-34
48            android:theme="@style/AppTheme.NoActionBar" />
48-->src\main\AndroidManifest.xml:42:13-56
49        <activity
49-->src\main\AndroidManifest.xml:43:9-45:68
50            android:name="com.example.my33_navigationdrawer.Login"
50-->src\main\AndroidManifest.xml:44:13-34
51            android:theme="@style/AppTheme.NoActionBar" />
51-->src\main\AndroidManifest.xml:45:13-56
52        <activity
52-->src\main\AndroidManifest.xml:46:9-48:68
53            android:name="com.example.my33_navigationdrawer.Join"
53-->src\main\AndroidManifest.xml:47:13-33
54            android:theme="@style/AppTheme.NoActionBar" />
54-->src\main\AndroidManifest.xml:48:13-56
55        <activity
55-->src\main\AndroidManifest.xml:49:9-51:68
56            android:name="com.example.my33_navigationdrawer.MainActivity"
56-->src\main\AndroidManifest.xml:50:13-41
57            android:theme="@style/AppTheme.NoActionBar" />
57-->src\main\AndroidManifest.xml:51:13-56
58
59        <!-- API24 이상부터 Url 이 file:// 로 시작되면 안되서 content:// 으로 변환시키는 부분 -->
60        <provider
61            android:name="androidx.core.content.FileProvider"
61-->src\main\AndroidManifest.xml:55:13-62
62            android:authorities="com.example.my33_navigationdrawer.fileprovider"
62-->src\main\AndroidManifest.xml:56:13-64
63            android:exported="false"
63-->src\main\AndroidManifest.xml:57:13-37
64            android:grantUriPermissions="true" >
64-->src\main\AndroidManifest.xml:58:13-47
65            <meta-data
65-->src\main\AndroidManifest.xml:59:13-61:53
66                android:name="android.support.FILE_PROVIDER_PATHS"
66-->src\main\AndroidManifest.xml:60:17-67
67                android:resource="@xml/filepaths" />
67-->src\main\AndroidManifest.xml:61:17-50
68        </provider>
69
70        <receiver
70-->src\main\AndroidManifest.xml:64:9-70:20
71            android:name="reminder.RestartReceiver"
71-->src\main\AndroidManifest.xml:65:13-52
72            android:process=".remote" >
72-->src\main\AndroidManifest.xml:66:13-38
73            <intent-filter>
73-->src\main\AndroidManifest.xml:67:13-69:29
74                <action android:name="RestartReceiver.restart" />
74-->src\main\AndroidManifest.xml:68:17-66
74-->src\main\AndroidManifest.xml:68:25-63
75            </intent-filter>
76        </receiver>
77        <receiver
77-->src\main\AndroidManifest.xml:74:9-75:39
78            android:name="com.example.my33_navigationdrawer.reminder.AlarmReceiver"
78-->src\main\AndroidManifest.xml:74:19-57
79            android:exported="false" />
79-->src\main\AndroidManifest.xml:75:13-37
80
81        <provider
81-->[androidx.lifecycle:lifecycle-process:2.2.0] AndroidManifest.xml:25:9-29:43
82            android:name="androidx.lifecycle.ProcessLifecycleOwnerInitializer"
82-->[androidx.lifecycle:lifecycle-process:2.2.0] AndroidManifest.xml:26:13-79
83            android:authorities="com.example.my33_navigationdrawer.lifecycle-process"
83-->[androidx.lifecycle:lifecycle-process:2.2.0] AndroidManifest.xml:27:13-69
84            android:exported="false"
84-->[androidx.lifecycle:lifecycle-process:2.2.0] AndroidManifest.xml:28:13-37
85            android:multiprocess="true" />
85-->[androidx.lifecycle:lifecycle-process:2.2.0] AndroidManifest.xml:29:13-40
86    </application>
87
88</manifest>